"/Users/parthiv/Library/Application Support/JetBrains/Toolbox/apps/CLion/ch-0/203.7148.70/CLion.app/Contents/bin/cmake/mac/bin/cmake" -DCMAKE_BUILD_TYPE=Debug -G "CodeBlocks - Unix Makefiles" "/Users/parthiv/Documents/College/Coding Practice"
CMake Warning at /Users/parthiv/Library/Application Support/JetBrains/Toolbox/apps/CLion/ch-0/203.7148.70/CLion.app/Contents/bin/cmake/mac/share/cmake-3.17/Modules/Platform/Darwin-Initialize.cmake:286 (message):
  Ignoring CMAKE_OSX_SYSROOT value:

   /Applications/Xcode.app/Contents/Developer/Platforms/MacOSX.platform/Developer/SDKs/MacOSX10.15.sdk

  because the directory does not exist.
Call Stack (most recent call first):
  /Users/parthiv/Library/Application Support/JetBrains/Toolbox/apps/CLion/ch-0/203.7148.70/CLion.app/Contents/bin/cmake/mac/share/cmake-3.17/Modules/CMakeSystemSpecificInitialize.cmake:21 (include)
  CMakeLists.txt:2 (project)


-- The C compiler identification is AppleClang 12.0.0.12000032
-- The CXX compiler identification is AppleClang 12.0.0.12000032
-- Check for working C compiler: /Applications/Xcode.app/Contents/Developer/Toolchains/XcodeDefault.xctoolchain/usr/bin/cc
-- Check for working C compiler: /Applications/Xcode.app/Contents/Developer/Toolchains/XcodeDefault.xctoolchain/usr/bin/cc - broken
CMake Error at /Users/parthiv/Library/Application Support/JetBrains/Toolbox/apps/CLion/ch-0/203.7148.70/CLion.app/Contents/bin/cmake/mac/share/cmake-3.17/Modules/CMakeTestCCompiler.cmake:60 (message):
  The C compiler

    "/Applications/Xcode.app/Contents/Developer/Toolchains/XcodeDefault.xctoolchain/usr/bin/cc"

  is not able to compile a simple test program.

  It fails with the following output:

    Change Dir: /Users/parthiv/Documents/College/Coding Practice/cmake-build-debug/CMakeFiles/CMakeTmp
    
    Run Build Command(s):/usr/bin/make cmTC_53f1f/fast && /Applications/Xcode.app/Contents/Developer/usr/bin/make  -f CMakeFiles/cmTC_53f1f.dir/build.make CMakeFiles/cmTC_53f1f.dir/build
    Building C object CMakeFiles/cmTC_53f1f.dir/testCCompiler.c.o
    /Applications/Xcode.app/Contents/Developer/Toolchains/XcodeDefault.xctoolchain/usr/bin/cc    -o CMakeFiles/cmTC_53f1f.dir/testCCompiler.c.o   -c "/Users/parthiv/Documents/College/Coding Practice/cmake-build-debug/CMakeFiles/CMakeTmp/testCCompiler.c"
    Linking C executable cmTC_53f1f
    "/Users/parthiv/Library/Application Support/JetBrains/Toolbox/apps/CLion/ch-0/203.7148.70/CLion.app/Contents/bin/cmake/mac/bin/cmake" -E cmake_link_script CMakeFiles/cmTC_53f1f.dir/link.txt --verbose=1
    /Applications/Xcode.app/Contents/Developer/Toolchains/XcodeDefault.xctoolchain/usr/bin/cc   -Wl,-search_paths_first -Wl,-headerpad_max_install_names   CMakeFiles/cmTC_53f1f.dir/testCCompiler.c.o  -o cmTC_53f1f 
    ld: library not found for -lSystem
    clang: error: linker command failed with exit code 1 (use -v to see invocation)
    make[1]: *** [cmTC_53f1f] Error 1
    make: *** [cmTC_53f1f/fast] Error 2
    
    

  

  CMake will not be able to correctly generate this project.
Call Stack (most recent call first):
  CMakeLists.txt:2 (project)


-- Configuring incomplete, errors occurred!
See also "/Users/parthiv/Documents/College/Coding Practice/cmake-build-debug/CMakeFiles/CMakeOutput.log".
See also "/Users/parthiv/Documents/College/Coding Practice/cmake-build-debug/CMakeFiles/CMakeError.log".
